<?xml version="1.0" encoding="UTF-8"?>
<!-- Generated by org.testng.reporters.JUnitXMLReporter -->
<testsuite ignored="0" hostname="bhatt" failures="0" tests="17" name="Default test" time="28.621" errors="0" timestamp="2019-10-08T19:25:54 PDT">
  <testcase classname="com.walmart.TestData.HomePageTest" name="@BeforeMethod setUp" time="28.152">
    <failure type="org.openqa.selenium.ElementClickInterceptedException" message="Element &amp;lt;a id=&amp;quot;loadmore&amp;quot; class=&amp;quot;page-select-list-btn&amp;quot; href=&amp;quot;/search/vegetables/page-2&amp;quot;&amp;gt; is not clickable at point (886,631) because another element &amp;lt;a href=&amp;quot;https://www.walmart.ca/en/help/legal#Cookies&amp;quot;&amp;gt; obscures it
Build info: version: &amp;apos;3.141.59&amp;apos;, revision: &amp;apos;e82be7d358&amp;apos;, time: &amp;apos;2018-11-14T08:17:03&amp;apos;
System info: host: &amp;apos;BHATT&amp;apos;, ip: &amp;apos;192.168.175.1&amp;apos;, os.name: &amp;apos;Windows 8.1&amp;apos;, os.arch: &amp;apos;amd64&amp;apos;, os.version: &amp;apos;6.3&amp;apos;, java.version: &amp;apos;12.0.2&amp;apos;
Driver info: org.openqa.selenium.firefox.FirefoxDriver
Capabilities {acceptInsecureCerts: true, browserName: firefox, browserVersion: 69.0.1, capabilities: {desiredCapabilities: {acceptInsecureCerts: true, browserName: firefox}}, javascriptEnabled: true, moz:accessibilityChecks: false, moz:buildID: 20190917135527, moz:headless: false, moz:processID: 12296, moz:profile: C:\Users\vinay\AppData\Loca..., moz:shutdownTimeout: 60000, moz:useNonSpecCompliantPointerOrigin: false, moz:webdriverClick: true, pageLoadStrategy: normal, platform: WINDOWS, platformName: WINDOWS, platformVersion: 6.3, rotatable: false, setWindowRect: true, strictFileInteractability: false, timeouts: {implicit: 0, pageLoad: 300000, script: 30000}, unhandledPromptBehavior: dismiss and notify}
Session ID: acce9bf7-b685-4e13-bc70-72be894ae1cf">
      <![CDATA[org.openqa.selenium.ElementClickInterceptedException: Element <a id="loadmore" class="page-select-list-btn" href="/search/vegetables/page-2"> is not clickable at point (886,631) because another element <a href="https://www.walmart.ca/en/help/legal#Cookies"> obscures it
Build info: version: '3.141.59', revision: 'e82be7d358', time: '2018-11-14T08:17:03'
System info: host: 'BHATT', ip: '192.168.175.1', os.name: 'Windows 8.1', os.arch: 'amd64', os.version: '6.3', java.version: '12.0.2'
Driver info: org.openqa.selenium.firefox.FirefoxDriver
Capabilities {acceptInsecureCerts: true, browserName: firefox, browserVersion: 69.0.1, capabilities: {desiredCapabilities: {acceptInsecureCerts: true, browserName: firefox}}, javascriptEnabled: true, moz:accessibilityChecks: false, moz:buildID: 20190917135527, moz:headless: false, moz:processID: 12296, moz:profile: C:\Users\vinay\AppData\Loca..., moz:shutdownTimeout: 60000, moz:useNonSpecCompliantPointerOrigin: false, moz:webdriverClick: true, pageLoadStrategy: normal, platform: WINDOWS, platformName: WINDOWS, platformVersion: 6.3, rotatable: false, setWindowRect: true, strictFileInteractability: false, timeouts: {implicit: 0, pageLoad: 300000, script: 30000}, unhandledPromptBehavior: dismiss and notify}
Session ID: acce9bf7-b685-4e13-bc70-72be894ae1cf
at java.base/jdk.internal.reflect.NativeConstructorAccessorImpl.newInstance0(Native Method)
at java.base/jdk.internal.reflect.NativeConstructorAccessorImpl.newInstance(NativeConstructorAccessorImpl.java:62)
at java.base/jdk.internal.reflect.DelegatingConstructorAccessorImpl.newInstance(DelegatingConstructorAccessorImpl.java:45)
at java.base/java.lang.reflect.Constructor.newInstanceWithCaller(Constructor.java:500)
at java.base/java.lang.reflect.Constructor.newInstance(Constructor.java:481)
at org.openqa.selenium.remote.http.W3CHttpResponseCodec.createException(W3CHttpResponseCodec.java:187)
at org.openqa.selenium.remote.http.W3CHttpResponseCodec.decode(W3CHttpResponseCodec.java:122)
at org.openqa.selenium.remote.http.W3CHttpResponseCodec.decode(W3CHttpResponseCodec.java:49)
at org.openqa.selenium.remote.HttpCommandExecutor.execute(HttpCommandExecutor.java:158)
at org.openqa.selenium.remote.service.DriverCommandExecutor.execute(DriverCommandExecutor.java:83)
at org.openqa.selenium.remote.RemoteWebDriver.execute(RemoteWebDriver.java:552)
at org.openqa.selenium.remote.RemoteWebElement.execute(RemoteWebElement.java:285)
at org.openqa.selenium.remote.RemoteWebElement.click(RemoteWebElement.java:84)
at com.walmart.qa.pages.HomePage.SearchOption(HomePage.java:138)
at com.walmart.TestData.HomePageTest.setUp(HomePageTest.java:30)
at java.base/jdk.internal.reflect.NativeMethodAccessorImpl.invoke0(Native Method)
at java.base/jdk.internal.reflect.NativeMethodAccessorImpl.invoke(NativeMethodAccessorImpl.java:62)
at java.base/jdk.internal.reflect.DelegatingMethodAccessorImpl.invoke(DelegatingMethodAccessorImpl.java:43)
at java.base/java.lang.reflect.Method.invoke(Method.java:567)
at org.testng.internal.MethodInvocationHelper.invokeMethod(MethodInvocationHelper.java:133)
at org.testng.internal.MethodInvocationHelper.invokeMethodConsideringTimeout(MethodInvocationHelper.java:62)
at org.testng.internal.ConfigInvoker.invokeConfigurationMethod(ConfigInvoker.java:340)
at org.testng.internal.ConfigInvoker.invokeConfigurations(ConfigInvoker.java:294)
at org.testng.internal.TestInvoker.runConfigMethods(TestInvoker.java:683)
at org.testng.internal.TestInvoker.invokeMethod(TestInvoker.java:510)
at org.testng.internal.TestInvoker.invokeTestMethod(TestInvoker.java:172)
at org.testng.internal.MethodRunner.runInSequence(MethodRunner.java:46)
at org.testng.internal.TestInvoker$MethodInvocationAgent.invoke(TestInvoker.java:804)
at org.testng.internal.TestInvoker.invokeTestMethods(TestInvoker.java:145)
at org.testng.internal.TestMethodWorker.invokeTestMethods(TestMethodWorker.java:146)
at org.testng.internal.TestMethodWorker.run(TestMethodWorker.java:128)
at java.base/java.util.ArrayList.forEach(ArrayList.java:1540)
at org.testng.TestRunner.privateRun(TestRunner.java:770)
at org.testng.TestRunner.run(TestRunner.java:591)
at org.testng.SuiteRunner.runTest(SuiteRunner.java:402)
at org.testng.SuiteRunner.runSequentially(SuiteRunner.java:396)
at org.testng.SuiteRunner.privateRun(SuiteRunner.java:355)
at org.testng.SuiteRunner.run(SuiteRunner.java:304)
at org.testng.SuiteRunnerWorker.runSuite(SuiteRunnerWorker.java:53)
at org.testng.SuiteRunnerWorker.run(SuiteRunnerWorker.java:96)
at org.testng.TestNG.runSuitesSequentially(TestNG.java:1180)
at org.testng.TestNG.runSuitesLocally(TestNG.java:1102)
at org.testng.TestNG.runSuites(TestNG.java:1032)
at org.testng.TestNG.run(TestNG.java:1000)
at org.testng.remote.AbstractRemoteTestNG.run(AbstractRemoteTestNG.java:115)
at org.testng.remote.RemoteTestNG.initAndRun(RemoteTestNG.java:251)
at org.testng.remote.RemoteTestNG.main(RemoteTestNG.java:77)
]]>
    </failure>
  </testcase> <!-- @BeforeMethod setUp -->
  <testcase classname="com.walmart.TestData.HomePageTest" name="@BeforeMethod setUp" time="-1.570587953713E9">
    <skipped/>
  </testcase> <!-- @BeforeMethod setUp -->
  <testcase classname="com.walmart.TestData.HomePageTest" name="@BeforeMethod setUp" time="-1.570587953729E9">
    <skipped/>
  </testcase> <!-- @BeforeMethod setUp -->
  <testcase classname="com.walmart.TestData.HomePageTest" name="@BeforeMethod setUp" time="-1.570587953745E9">
    <skipped/>
  </testcase> <!-- @BeforeMethod setUp -->
  <testcase classname="com.walmart.TestData.HomePageTest" name="@BeforeMethod setUp" time="-1.57058795376E9">
    <skipped/>
  </testcase> <!-- @BeforeMethod setUp -->
  <testcase classname="com.walmart.TestData.HomePageTest" name="@BeforeMethod setUp" time="-1.570587953776E9">
    <skipped/>
  </testcase> <!-- @BeforeMethod setUp -->
  <testcase classname="com.walmart.TestData.HomePageTest" name="@BeforeMethod setUp" time="-1.570587953823E9">
    <skipped/>
  </testcase> <!-- @BeforeMethod setUp -->
  <testcase classname="com.walmart.TestData.HomePageTest" name="@BeforeMethod setUp" time="-1.570587953838E9">
    <skipped/>
  </testcase> <!-- @BeforeMethod setUp -->
  <testcase classname="com.walmart.TestData.HomePageTest" name="@BeforeMethod setUp" time="-1.570587953854E9">
    <skipped/>
  </testcase> <!-- @BeforeMethod setUp -->
  <testcase classname="com.walmart.TestData.HomePageTest" name="@BeforeMethod setUp" time="-1.570587953885E9">
    <skipped/>
  </testcase> <!-- @BeforeMethod setUp -->
  <testcase classname="com.walmart.TestData.HomePageTest" name="@BeforeMethod setUp" time="-1.570587953901E9">
    <skipped/>
  </testcase> <!-- @BeforeMethod setUp -->
  <testcase classname="com.walmart.TestData.HomePageTest" name="@BeforeMethod setUp" time="-1.570587953932E9">
    <skipped/>
  </testcase> <!-- @BeforeMethod setUp -->
  <testcase classname="com.walmart.TestData.HomePageTest" name="@BeforeMethod setUp" time="-1.570587953948E9">
    <skipped/>
  </testcase> <!-- @BeforeMethod setUp -->
  <testcase classname="com.walmart.TestData.HomePageTest" name="@BeforeMethod setUp" time="-1.570587953963E9">
    <skipped/>
  </testcase> <!-- @BeforeMethod setUp -->
  <testcase classname="com.walmart.TestData.HomePageTest" name="@BeforeMethod setUp" time="-1.570587953979E9">
    <skipped/>
  </testcase> <!-- @BeforeMethod setUp -->
  <testcase classname="com.walmart.TestData.HomePageTest" name="@BeforeMethod setUp" time="-1.570587953995E9">
    <skipped/>
  </testcase> <!-- @BeforeMethod setUp -->
  <testcase classname="com.walmart.TestData.HomePageTest" name="@BeforeMethod setUp" time="-1.57058795401E9">
    <skipped/>
  </testcase> <!-- @BeforeMethod setUp -->
  <testcase classname="com.walmart.TestData.HomePageTest" name="verifyFilterByBrand" time="0.0">
    <skipped/>
  </testcase> <!-- verifyFilterByBrand -->
  <testcase classname="com.walmart.TestData.HomePageTest" name="verifyPriceofProduct" time="0.0">
    <skipped/>
  </testcase> <!-- verifyPriceofProduct -->
  <testcase classname="com.walmart.TestData.HomePageTest" name="verifyTotalProduct" time="0.0">
    <skipped/>
  </testcase> <!-- verifyTotalProduct -->
  <testcase classname="com.walmart.TestData.HomePageTest" name="verifysearchOption" time="0.0">
    <skipped/>
  </testcase> <!-- verifysearchOption -->
  <testcase classname="com.walmart.TestData.HomePageTest" name="verifysearchResult" time="0.0">
    <skipped/>
  </testcase> <!-- verifysearchResult -->
  <testcase classname="com.walmart.TestData.HomePageTest" name="verifysortByName" time="0.0">
    <skipped/>
  </testcase> <!-- verifysortByName -->
  <testcase classname="com.walmart.TestData.HomePageTest" name="verifysortbyPrice" time="0.0">
    <skipped/>
  </testcase> <!-- verifysortbyPrice -->
  <testcase classname="com.walmart.TestData.HomePageTest" name="verifyHomePageTitleTest" time="0.0">
    <skipped/>
  </testcase> <!-- verifyHomePageTitleTest -->
  <testcase classname="com.walmart.TestData.HomePageTest" name="verifyOrderHistoryTest" time="0.0">
    <skipped/>
  </testcase> <!-- verifyOrderHistoryTest -->
  <testcase classname="com.walmart.TestData.HomePageTest" name="verifyCreditCardTest" time="0.0">
    <skipped/>
  </testcase> <!-- verifyCreditCardTest -->
  <testcase classname="com.walmart.TestData.HomePageTest" name="verifyAddressesTest" time="0.0">
    <skipped/>
  </testcase> <!-- verifyAddressesTest -->
  <testcase classname="com.walmart.TestData.HomePageTest" name="verifyMyListPageTest" time="0.0">
    <skipped/>
  </testcase> <!-- verifyMyListPageTest -->
  <testcase classname="com.walmart.TestData.HomePageTest" name="verifyMyRecommendationPageTest" time="0.0">
    <skipped/>
  </testcase> <!-- verifyMyRecommendationPageTest -->
  <testcase classname="com.walmart.TestData.HomePageTest" name="verifyMySubscriptionsTest" time="0.0">
    <skipped/>
  </testcase> <!-- verifyMySubscriptionsTest -->
  <testcase classname="com.walmart.TestData.HomePageTest" name="verifyPersonalSettingPageTest" time="0.0">
    <skipped/>
  </testcase> <!-- verifyPersonalSettingPageTest -->
  <testcase classname="com.walmart.TestData.HomePageTest" name="verifyMyAccountPageTest" time="0.0">
    <skipped/>
  </testcase> <!-- verifyMyAccountPageTest -->
  <testcase classname="com.walmart.TestData.HomePageTest" name="verifySignOutPageTest" time="0.0">
    <skipped/>
  </testcase> <!-- verifySignOutPageTest -->
</testsuite> <!-- Default test -->
